2019-04-14 15:36:36 INFO  root:45 - src/resources/input/itcompany.xml is valid.
2019-04-14 15:36:36 TRACE root:36 - DOM Parsing
2019-04-14 15:36:36 INFO  root:41 - 	ITCompany
Developer { id= id1, name='John', surname='Conor', salaryPerHour=50.0, username='conor', level=MIDDLE, developerType=BACK_END, skill='Java'}
Developer { id= id2, name='Donald', surname='Freeman', salaryPerHour=45.5, username='freeman', level=MIDDLE, developerType=BACK_END, skill='C++'}
Developer { id= id3, name='Jack', surname='Gilbert', salaryPerHour=54.5, username='gilbert', level=SENIOR, developerType=FRONT_END, skill='HTML'}
Tester { id= id4, name='Alex', surname='Miller', salaryPerHour=30.0, username='miller', level=MIDDLE, testerType=MANUAL}
Tester { id= id5, name='Tom', surname='Gibbs', salaryPerHour=24.7, username='gibbs', level=JUNIOR, testerType=AUTOMATION}
ProjectManager { id= id6, name='Scott', surname='Johnson', salaryPerHour=60.0, username='johnson', project='Online-Store'}

2019-04-14 15:36:36 TRACE root:44 - STAX Parsing
2019-04-14 15:36:36 INFO  root:49 - 	ITCompany
Developer { id= id1, name='John', surname='Conor', salaryPerHour=50.0, username='conor', level=MIDDLE, developerType=BACK_END, skill='Java'}
Developer { id= id2, name='Donald', surname='Freeman', salaryPerHour=45.5, username='freeman', level=MIDDLE, developerType=BACK_END, skill='C++'}
Developer { id= id3, name='Jack', surname='Gilbert', salaryPerHour=54.5, username='gilbert', level=SENIOR, developerType=FRONT_END, skill='HTML'}
Tester { id= id4, name='Alex', surname='Miller', salaryPerHour=30.0, username='miller', level=MIDDLE, testerType=MANUAL}
Tester { id= id5, name='Tom', surname='Gibbs', salaryPerHour=24.7, username='gibbs', level=JUNIOR, testerType=AUTOMATION}
ProjectManager { id= id6, name='Scott', surname='Johnson', salaryPerHour=60.0, username='johnson', project='Online-Store'}

2019-04-14 15:36:36 TRACE root:52 - SAX Parsing
2019-04-14 15:36:36 INFO  root:57 - 	ITCompany
Developer { id= id1, name='John', surname='Conor', salaryPerHour=50.0, username='conor', level=MIDDLE, developerType=BACK_END, skill='Java'}
Developer { id= id2, name='Donald', surname='Freeman', salaryPerHour=45.5, username='freeman', level=MIDDLE, developerType=BACK_END, skill='C++'}
Developer { id= id3, name='Jack', surname='Gilbert', salaryPerHour=54.5, username='gilbert', level=SENIOR, developerType=FRONT_END, skill='HTML'}
Tester { id= id4, name='Alex', surname='Miller', salaryPerHour=30.0, username='miller', level=MIDDLE, testerType=MANUAL}
Tester { id= id5, name='Tom', surname='Gibbs', salaryPerHour=24.7, username='gibbs', level=JUNIOR, testerType=AUTOMATION}
ProjectManager { id= id6, name='Scott', surname='Johnson', salaryPerHour=60.0, username='johnson', project='Online-Store'}

2019-04-14 15:36:36 INFO  root:34 - sorting by salary is successful
2019-04-14 15:36:36 INFO  root:62 - 	ITCompany
Tester { id= id5, name='Tom', surname='Gibbs', salaryPerHour=24.7, username='gibbs', level=JUNIOR, testerType=AUTOMATION}
Tester { id= id4, name='Alex', surname='Miller', salaryPerHour=30.0, username='miller', level=MIDDLE, testerType=MANUAL}
Developer { id= id2, name='Donald', surname='Freeman', salaryPerHour=45.5, username='freeman', level=MIDDLE, developerType=BACK_END, skill='C++'}
Developer { id= id1, name='John', surname='Conor', salaryPerHour=50.0, username='conor', level=MIDDLE, developerType=BACK_END, skill='Java'}
Developer { id= id3, name='Jack', surname='Gilbert', salaryPerHour=54.5, username='gilbert', level=SENIOR, developerType=FRONT_END, skill='HTML'}
ProjectManager { id= id6, name='Scott', surname='Johnson', salaryPerHour=60.0, username='johnson', project='Online-Store'}

